x PG_VERSION
x backup_label
x backup_label.old
x base/
x base/16387/
x base/1/
x base/111100/
x base/16388/
x base/13104/
x base/13103/
x base/128042/
x base/128042/2618
x base/128042/12958
x base/128042/2620
x base/128042/3534
x base/128042/12956
x base/128042/2616
x base/128042/12969
x base/128042/3502
x base/128042/1255
x base/128042/3602_fsm
x base/128042/3603_vm
x base/128042/12951
x base/128042/12939_vm
x base/128042/2611
x base/128042/3603_fsm
x base/128042/3764
x base/128042/2689
x base/128042/2674
x base/128042/2680
x base/128042/2687
x base/128042/2673
x base/128042/3997
x base/128042/2610
x base/128042/3503
x base/128042/12968
x base/128042/2617
x base/128042/3118_vm
x base/128042/12961
x base/128042/3596_vm
x base/128042/2609_vm
x base/128042/3601_fsm
x base/128042/2619
x base/128042/12966
x base/128042/12959
x base/128042/3541_vm
x base/128042/2686
x base/128042/3600_fsm
x base/128042/2681
x base/128042/2619_vm
x base/128042/2675
x base/128042/5002
x base/128042/2688
x base/128042/3079
x base/128042/3764_fsm
x base/128042/827
x base/128042/2224_vm
x base/128042/2608_vm
x base/128042/6106_vm
x base/128042/3501_vm
x base/128042/12959_vm
x base/128042/12949_vm
x base/128042/3440
x base/128042/2754
x base/128042/2753
x base/128042/2337
x base/128042/2618_vm
x base/128042/6104
x base/128042/3085
x base/128042/2701
x base/128042/828
x base/128042/6102_vm
x base/128042/3602_vm
x base/128042/2996
x base/128042/826
x base/128042/6102
x base/128042/3079_vm
x base/128042/2336
x base/128042/2755
x base/128042/12954_fsm
x base/128042/6111
x base/128042/2609_fsm
x base/128042/2607_vm
x base/128042/3598_vm
x base/128042/PG_VERSION
x base/128042/3455
x base/128042/3257
x base/128042/3439
x base/128042/1249_fsm
x base/128042/3602
x base/128042/2617_vm
x base/128042/2608_fsm
x base/128042/3605
x base/128042/2840_vm
x base/128042/2603_vm
x base/128042/6117
x base/128042/6110
x base/128042/3604
x base/128042/3603
x base/128042/2187
x base/128042/pg_filenode.map
x base/128042/3258
x base/128042/2838_fsm
x base/128042/3256
x base/128042/2613_vm
x base/128042/2753_vm
x base/128042/2833
x base/128042/174
x base/128042/2602_vm
x base/128042/2659
x base/128042/2666
x base/128042/2692
x base/128042/2834
x base/128042/3575
x base/128042/2661
x base/128042/2753_fsm
x base/128042/3118
x base/128042/2668
x base/128042/2657
x base/128042/2650
x base/128042/2604
x base/128042/1247
x base/128042/3379
x base/128042/12944
x base/128042/2603
x base/128042/12943
x base/128042/1249
x base/128042/2834_vm
x base/128042/2612_vm
x base/128042/1418
x base/128042/2651
x base/128042/2669
x base/128042/2606_vm
x base/128042/2618_fsm
x base/128042/3119
x base/128042/2656
x base/128042/3542
x base/128042/2835
x base/128042/1259_fsm
x base/128042/2660
x base/128042/3574
x base/128042/175
x base/128042/2832
x base/128042/2658
x base/128042/2693
x base/128042/2667
x base/128042/3350_vm
x base/128042/1255_vm
x base/128042/12973
x base/128042/3712
x base/128042/2602
x base/128042/1417
x base/128042/2619_fsm
x base/128042/2616_vm
x base/128042/12944_fsm
x base/128042/2605
x base/128042/2830_vm
x base/128042/3767
x base/128042/12964_vm
x base/128042/2601_vm
x base/128042/12949_fsm
x base/128042/12939
x base/128042/2600_fsm
x base/128042/2679
x base/128042/3599
x base/128042/1255_fsm
x base/128042/3456_fsm
x base/128042/2684
x base/128042/2670
x base/128042/3597
x base/128042/2683
x base/128042/12963
x base/128042/3395
x base/128042/12964
x base/128042/3256_vm
x base/128042/2601_fsm
x base/128042/3350
x base/128042/2615_fsm
x base/128042/2612
x base/128042/2611_vm
x base/128042/2840
x base/128042/2615
x base/128042/3501
x base/128042/2682
x base/128042/3079_fsm
x base/128042/3596
x base/128042/12954_vm
x base/128042/2603_fsm
x base/128042/2617_fsm
x base/128042/2685
x base/128042/2605_vm
x base/128042/3598
x base/128042/3394_vm
x base/128042/2678
x base/128042/3766
x base/128042/2224
x base/128042/12954
x base/128042/2841
x base/128042/3164
x base/128042/2328_vm
x base/128042/12953
x base/128042/2613
x base/128042/3351
x base/128042/2615_vm
x base/128042/1259
x base/128042/3439_vm
x base/128042/2616_fsm
x base/128042/2602_fsm
x base/128042/12944_vm
x base/128042/3394
x base/128042/2606_fsm
x base/128042/2612_fsm
x base/128042/2757
x base/128042/2604_vm
x base/128042/1247_fsm
x base/128042/1247_vm
x base/128042/2607_fsm
x base/128042/2703
x base/128042/2620_vm
x base/128042/2832_vm
x base/128042/1418_vm
x base/128042/2704
x base/128042/3080
x base/128042/12964_fsm
x base/128042/2600_vm
x base/128042/2995_vm
x base/128042/2605_fsm
x base/128042/6106
x base/128042/2756
x base/128042/3381_vm
x base/128042/3081
x base/128042/2702
x base/128042/2836_vm
x base/128042/2995
x base/128042/2610_fsm
x base/128042/2610_vm
x base/128042/12959_fsm
x base/128042/3608
x base/128042/2336_vm
x base/128042/3541_fsm
x base/128042/3606
x base/128042/3601
x base/128042/2328
x base/128042/3467
x base/128042/1417_vm
x base/128042/2579
x base/128042/3466_vm
x base/128042/6112
x base/128042/3456
x base/128042/3600
x base/128042/3607
x base/128042/3609
x base/128042/3601_vm
x base/128042/3468
x base/128042/3456_vm
x base/128042/6113
x base/128042/3466
x base/128042/549
x base/128042/2600
x base/128042/112
x base/128042/2607
x base/128042/12971
x base/128042/12949
x base/128042/3380
x base/128042/2609
x base/128042/3600_vm
x base/128042/2837
x base/128042/2696
x base/128042/3576
x base/128042/2662
x base/128042/2830
x base/128042/3764_vm
x base/128042/2665
x base/128042/2838_vm
x base/128042/2691
x base/128042/2839
x base/128042/2653
x base/128042/12939_fsm
x base/128042/2654
x base/128042/3381
x base/128042/12948
x base/128042/2608
x base/128042/1259_vm
x base/128042/2606
x base/128042/12946
x base/128042/2601
x base/128042/826_vm
x base/128042/548
x base/128042/6104_vm
x base/128042/113
x base/128042/12941
x base/128042/2655
x base/128042/3541
x base/128042/3394_fsm
x base/128042/2699
x base/128042/3576_vm
x base/128042/2838
x base/128042/2652
x base/128042/2840_fsm
x base/128042/2831
x base/128042/2690
x base/128042/2664
x base/128042/1249_vm
x base/128042/2836
x base/128042/2663
x base/13103/2618
x base/13103/12958
x base/13103/2620
x base/13103/3534
x base/13103/12956
x base/13103/2616
x base/13103/12969
x base/13103/3502
x base/13103/1255
x base/13103/3602_fsm
x base/13103/3603_vm
x base/13103/12951
x base/13103/12939_vm
x base/13103/2611
x base/13103/3603_fsm
x base/13103/3764
x base/13103/2689
x base/13103/2674
x base/13103/2680
x base/13103/2687
x base/13103/2673
x base/13103/3997
x base/13103/2610
x base/13103/3503
x base/13103/12968
x base/13103/2617
x base/13103/3118_vm
x base/13103/12961
x base/13103/3596_vm
x base/13103/2609_vm
x base/13103/3601_fsm
x base/13103/2619
x base/13103/12966
x base/13103/12959
x base/13103/3541_vm
x base/13103/2686
x base/13103/3600_fsm
x base/13103/2681
x base/13103/2619_vm
x base/13103/2675
x base/13103/5002
x base/13103/2688
x base/13103/3079
x base/13103/3764_fsm
x base/13103/827
x base/13103/2224_vm
x base/13103/2608_vm
x base/13103/6106_vm
x base/13103/3501_vm
x base/13103/12959_vm
x base/13103/12949_vm
x base/13103/3440
x base/13103/2754
x base/13103/2753
x base/13103/2337
x base/13103/2618_vm
x base/13103/6104
x base/13103/3085
x base/13103/2701
x base/13103/828
x base/13103/6102_vm
x base/13103/3602_vm
x base/13103/2996
x base/13103/826
x base/13103/6102
x base/13103/3079_vm
x base/13103/2336
x base/13103/2755
x base/13103/12954_fsm
x base/13103/6111
x base/13103/2609_fsm
x base/13103/2607_vm
x base/13103/3598_vm
x base/13103/PG_VERSION
x base/13103/3455
x base/13103/3257
x base/13103/3439
x base/13103/1249_fsm
x base/13103/3602
x base/13103/2617_vm
x base/13103/2608_fsm
x base/13103/3605
x base/13103/2840_vm
x base/13103/2603_vm
x base/13103/6117
x base/13103/6110
x base/13103/3604
x base/13103/3603
x base/13103/2187
x base/13103/pg_filenode.map
x base/13103/3258
x base/13103/2838_fsm
x base/13103/3256
x base/13103/2613_vm
x base/13103/2753_vm
x base/13103/2833
x base/13103/174
x base/13103/2602_vm
x base/13103/2659
x base/13103/2666
x base/13103/2692
x base/13103/2834
x base/13103/3575
x base/13103/2661
x base/13103/2753_fsm
x base/13103/3118
x base/13103/2668
x base/13103/2657
x base/13103/2650
x base/13103/2604
x base/13103/1247
x base/13103/3379
x base/13103/12944
x base/13103/2603
x base/13103/12943
x base/13103/1249
x base/13103/2834_vm
x base/13103/2612_vm
x base/13103/1418
x base/13103/2651
x base/13103/2669
x base/13103/2606_vm
x base/13103/2618_fsm
x base/13103/3119
x base/13103/2656
x base/13103/3542
x base/13103/2835
x base/13103/1259_fsm
x base/13103/2660
x base/13103/3574
x base/13103/175
x base/13103/2832
x base/13103/2658
x base/13103/2693
x base/13103/2667
x base/13103/3350_vm
x base/13103/1255_vm
x base/13103/12973
x base/13103/3712
x base/13103/2602
x base/13103/1417
x base/13103/2619_fsm
x base/13103/2616_vm
x base/13103/12944_fsm
x base/13103/2605
x base/13103/2830_vm
x base/13103/3767
x base/13103/12964_vm
x base/13103/2601_vm
x base/13103/12949_fsm
x base/13103/12939
x base/13103/2600_fsm
x base/13103/2679
x base/13103/3599
x base/13103/1255_fsm
x base/13103/3456_fsm
x base/13103/2684
x base/13103/2670
x base/13103/3597
x base/13103/2683
x base/13103/12963
x base/13103/3395
x base/13103/12964
x base/13103/3256_vm
x base/13103/2601_fsm
x base/13103/3350
x base/13103/2615_fsm
x base/13103/2612
x base/13103/2611_vm
x base/13103/2840
x base/13103/2615
x base/13103/3501
x base/13103/2682
x base/13103/3079_fsm
x base/13103/3596
x base/13103/12954_vm
x base/13103/2603_fsm
x base/13103/2617_fsm
x base/13103/2685
x base/13103/2605_vm
x base/13103/3598
x base/13103/3394_vm
x base/13103/2678
x base/13103/3766
x base/13103/2224
x base/13103/12954
x base/13103/2841
x base/13103/3164
x base/13103/2328_vm
x base/13103/12953
x base/13103/2613
x base/13103/3351
x base/13103/2615_vm
x base/13103/1259
x base/13103/3439_vm
x base/13103/2616_fsm
x base/13103/2602_fsm
x base/13103/12944_vm
x base/13103/3394
x base/13103/2606_fsm
x base/13103/2612_fsm
x base/13103/2757
x base/13103/2604_vm
x base/13103/1247_fsm
x base/13103/1247_vm
x base/13103/2607_fsm
x base/13103/2703
x base/13103/2620_vm
x base/13103/2832_vm
x base/13103/1418_vm
x base/13103/2704
x base/13103/3080
x base/13103/12964_fsm
x base/13103/2600_vm
x base/13103/2995_vm
x base/13103/2605_fsm
x base/13103/6106
x base/13103/2756
x base/13103/3381_vm
x base/13103/3081
x base/13103/2702
x base/13103/2836_vm
x base/13103/2995
x base/13103/2610_fsm
x base/13103/2610_vm
x base/13103/12959_fsm
x base/13103/3608
x base/13103/2336_vm
x base/13103/3541_fsm
x base/13103/3606
x base/13103/3601
x base/13103/2328
x base/13103/3467
x base/13103/1417_vm
x base/13103/2579
x base/13103/3466_vm
x base/13103/6112
x base/13103/3456
x base/13103/3600
x base/13103/3607
x base/13103/3609
x base/13103/3601_vm
x base/13103/3468
x base/13103/3456_vm
x base/13103/6113
x base/13103/3466
x base/13103/549
x base/13103/2600
x base/13103/112
x base/13103/2607
x base/13103/12971
x base/13103/12949
x base/13103/3380
x base/13103/2609
x base/13103/3600_vm
x base/13103/2837
x base/13103/2696
x base/13103/3576
x base/13103/2662
x base/13103/2830
x base/13103/3764_vm
x base/13103/2665
x base/13103/2838_vm
x base/13103/2691
x base/13103/2839
x base/13103/2653
x base/13103/12939_fsm
x base/13103/2654
x base/13103/3381
x base/13103/12948
x base/13103/2608
x base/13103/1259_vm
x base/13103/2606
x base/13103/12946
x base/13103/2601
x base/13103/826_vm
x base/13103/548
x base/13103/6104_vm
x base/13103/113
x base/13103/12941
x base/13103/2655
x base/13103/3541
x base/13103/3394_fsm
x base/13103/2699
x base/13103/3576_vm
x base/13103/2838
x base/13103/2652
x base/13103/2840_fsm
x base/13103/2831
x base/13103/2690
x base/13103/2664
x base/13103/1249_vm
x base/13103/2836
x base/13103/2663
x base/13104/2618
x base/13104/12958
x base/13104/2620
x base/13104/138497
x base/13104/12956
x base/13104/2616
x base/13104/12969
x base/13104/1255
x base/13104/3602_fsm
x base/13104/3603_vm
x base/13104/12951
x base/13104/12939_vm
x base/13104/2611
x base/13104/3603_fsm
x base/13104/3764
x base/13104/138605
x base/13104/138602
x base/13104/138498
x base/13104/2610
x base/13104/12968
x base/13104/2617
x base/13104/3118_vm
x base/13104/12961
x base/13104/3596_vm
x base/13104/2609_vm
x base/13104/138496
x base/13104/3601_fsm
x base/13104/2619
x base/13104/12966
x base/13104/12959
x base/13104/3541_vm
x base/13104/138603
x base/13104/3600_fsm
x base/13104/138604
x base/13104/2619_vm
x base/13104/3079
x base/13104/3764_fsm
x base/13104/2224_vm
x base/13104/138586
x base/13104/138544
x base/13104/2608_vm
x base/13104/138588
x base/13104/6106_vm
x base/13104/3501_vm
x base/13104/138543
x base/13104/12959_vm
x base/13104/12949_vm
x base/13104/138517
x base/13104/138528
x base/13104/2753
x base/13104/138510
x base/13104/2618_vm
x base/13104/138526
x base/13104/138519
x base/13104/6104
x base/13104/138521
x base/13104/138589
x base/13104/138542
x base/13104/138545
x base/13104/6102_vm
x base/13104/138587
x base/13104/3602_vm
x base/13104/826
x base/13104/138520
x base/13104/6102
x base/13104/138527
x base/13104/138518
x base/13104/3079_vm
x base/13104/138511
x base/13104/2336
x base/13104/138516
x base/13104/138529
x base/13104/138534
x base/13104/12954_fsm
x base/13104/2609_fsm
x base/13104/2607_vm
x base/13104/3598_vm
x base/13104/138533
x base/13104/PG_VERSION
x base/13104/138505
x base/13104/138502
x base/13104/138556
x base/13104/138569
x base/13104/138551
x base/13104/3439
x base/13104/1249_fsm
x base/13104/3602
x base/13104/138593
x base/13104/138567
x base/13104/2617_vm
x base/13104/138558
x base/13104/2608_fsm
x base/13104/138560
x base/13104/138594
x base/13104/2840_vm
x base/13104/2603_vm
x base/13104/138532
x base/13104/138535
x base/13104/138595
x base/13104/138561
x base/13104/138566
x base/13104/3603
x base/13104/138592
x base/13104/pg_filenode.map
x base/13104/138559
x base/13104/2838_fsm
x base/13104/138550
x base/13104/3256
x base/13104/138557
x base/13104/2613_vm
x base/13104/2753_vm
x base/13104/138568
x base/13104/2602_vm
x base/13104/138617
x base/13104/2834
x base/13104/138610
x base/13104/2753_fsm
x base/13104/3118
x base/13104/138619
x base/13104/2604
x base/13104/1247
x base/13104/12944
x base/13104/2603
x base/13104/12943
x base/13104/1249
x base/13104/2834_vm
x base/13104/2612_vm
x base/13104/1418
x base/13104/138620
x base/13104/138618
x base/13104/2606_vm
x base/13104/2618_fsm
x base/13104/1259_fsm
x base/13104/138611
x base/13104/2832
x base/13104/138616
x base/13104/3350_vm
x base/13104/1255_vm
x base/13104/12973
x base/13104/2602
x base/13104/1417
x base/13104/2619_fsm
x base/13104/2616_vm
x base/13104/12944_fsm
x base/13104/2605
x base/13104/2830_vm
x base/13104/12964_vm
x base/13104/2601_vm
x base/13104/12949_fsm
x base/13104/12939
x base/13104/2600_fsm
x base/13104/1255_fsm
x base/13104/3456_fsm
x base/13104/138606
x base/13104/12963
x base/13104/138494
x base/13104/12964
x base/13104/138493
x base/13104/3256_vm
x base/13104/2601_fsm
x base/13104/3350
x base/13104/2615_fsm
x base/13104/2612
x base/13104/2611_vm
x base/13104/2840
x base/13104/2615
x base/13104/3501
x base/13104/3079_fsm
x base/13104/3596
x base/13104/12954_vm
x base/13104/2603_fsm
x base/13104/2617_fsm
x base/13104/2605_vm
x base/13104/3598
x base/13104/3394_vm
x base/13104/138609
x base/13104/2224
x base/13104/12954
x base/13104/2328_vm
x base/13104/12953
x base/13104/2613
x base/13104/2615_vm
x base/13104/1259
x base/13104/3439_vm
x base/13104/2616_fsm
x base/13104/2602_fsm
x base/13104/12944_vm
x base/13104/138495
x base/13104/3394
x base/13104/138513
x base/13104/2606_fsm
x base/13104/2612_fsm
x base/13104/138514
x base/13104/2604_vm
x base/13104/1247_fsm
x base/13104/138522
x base/13104/138525
x base/13104/1247_vm
x base/13104/138585
x base/13104/138549
x base/13104/138540
x base/13104/2607_fsm
x base/13104/2620_vm
x base/13104/2832_vm
x base/13104/1418_vm
x base/13104/138547
x base/13104/138524
x base/13104/12964_fsm
x base/13104/2600_vm
x base/13104/2995_vm
x base/13104/138523
x base/13104/2605_fsm
x base/13104/6106
x base/13104/138515
x base/13104/138512
x base/13104/3381_vm
x base/13104/138546
x base/13104/138541
x base/13104/138548
x base/13104/2836_vm
x base/13104/2995
x base/13104/138583
x base/13104/2610_fsm
x base/13104/2610_vm
x base/13104/12959_fsm
x base/13104/138584
x base/13104/138552
x base/13104/138599
x base/13104/138555
x base/13104/2336_vm
x base/13104/3541_fsm
x base/13104/138563
x base/13104/138597
x base/13104/3601
x base/13104/138590
x base/13104/138564
x base/13104/2328
x base/13104/1417_vm
x base/13104/138530
x base/13104/138508
x base/13104/138537
x base/13104/3466_vm
x base/13104/138501
x base/13104/3456
x base/13104/138539
x base/13104/138506
x base/13104/138565
x base/13104/3600
x base/13104/138591
x base/13104/138596
x base/13104/138562
x base/13104/138554
x base/13104/138553
x base/13104/138598
x base/13104/3601_vm
x base/13104/138538
x base/13104/138507
x base/13104/3456_vm
x base/13104/138509
x base/13104/138536
x base/13104/138531
x base/13104/3466
x base/13104/2600
x base/13104/2607
x base/13104/12971
x base/13104/12949
x base/13104/2609
x base/13104/3600_vm
x base/13104/3576
x base/13104/138613
x base/13104/2830
x base/13104/3764_vm
x base/13104/138614
x base/13104/2838_vm
x base/13104/12939_fsm
x base/13104/3381
x base/13104/12948
x base/13104/2608
x base/13104/1259_vm
x base/13104/2606
x base/13104/12946
x base/13104/2601
x base/13104/826_vm
x base/13104/6104_vm
x base/13104/12941
x base/13104/3541
x base/13104/3394_fsm
x base/13104/3576_vm
x base/13104/2838
x base/13104/2840_fsm
x base/13104/138615
x base/13104/1249_vm
x base/13104/2836
x base/13104/138612
x base/16388/2618
x base/16388/12958
x base/16388/2620
x base/16388/3534
x base/16388/12956
x base/16388/2616
x base/16388/12969
x base/16388/3502
x base/16388/1255
x base/16388/3602_fsm
x base/16388/3603_vm
x base/16388/12951
x base/16388/12939_vm
x base/16388/2611
x base/16388/3603_fsm
x base/16388/3764
x base/16388/2689
x base/16388/2674
x base/16388/2680
x base/16388/2687
x base/16388/2673
x base/16388/3997
x base/16388/2610
x base/16388/3503
x base/16388/12968
x base/16388/2617
x base/16388/3118_vm
x base/16388/12961
x base/16388/3596_vm
x base/16388/2609_vm
x base/16388/3601_fsm
x base/16388/2619
x base/16388/12966
x base/16388/12959
x base/16388/3541_vm
x base/16388/2686
x base/16388/3600_fsm
x base/16388/2681
x base/16388/2619_vm
x base/16388/2675
x base/16388/5002
x base/16388/2688
x base/16388/3079
x base/16388/3764_fsm
x base/16388/827
x base/16388/2224_vm
x base/16388/2608_vm
x base/16388/6106_vm
x base/16388/3501_vm
x base/16388/12959_vm
x base/16388/12949_vm
x base/16388/3440
x base/16388/2754
x base/16388/2753
x base/16388/2337
x base/16388/2618_vm
x base/16388/6104
x base/16388/3085
x base/16388/2701
x base/16388/828
x base/16388/6102_vm
x base/16388/3602_vm
x base/16388/2996
x base/16388/826
x base/16388/6102
x base/16388/3079_vm
x base/16388/2336
x base/16388/2755
x base/16388/12954_fsm
x base/16388/6111
x base/16388/2609_fsm
x base/16388/2607_vm
x base/16388/3598_vm
x base/16388/PG_VERSION
x base/16388/3455
x base/16388/3257
x base/16388/3439
x base/16388/1249_fsm
x base/16388/3602
x base/16388/2617_vm
x base/16388/2608_fsm
x base/16388/3605
x base/16388/2840_vm
x base/16388/2603_vm
x base/16388/6117
x base/16388/6110
x base/16388/3604
x base/16388/3603
x base/16388/2187
x base/16388/pg_filenode.map
x base/16388/3258
x base/16388/2838_fsm
x base/16388/3256
x base/16388/2613_vm
x base/16388/2753_vm
x base/16388/2833
x base/16388/174
x base/16388/2602_vm
x base/16388/2659
x base/16388/2666
x base/16388/2692
x base/16388/2834
x base/16388/3575
x base/16388/2661
x base/16388/2753_fsm
x base/16388/3118
x base/16388/2668
x base/16388/2657
x base/16388/2650
x base/16388/2604
x base/16388/1247
x base/16388/3379
x base/16388/12944
x base/16388/2603
x base/16388/12943
x base/16388/1249
x base/16388/2834_vm
x base/16388/2612_vm
x base/16388/1418
x base/16388/2651
x base/16388/2669
x base/16388/2606_vm
x base/16388/2618_fsm
x base/16388/3119
x base/16388/2656
x base/16388/3542
x base/16388/2835
x base/16388/1259_fsm
x base/16388/2660
x base/16388/3574
x base/16388/175
x base/16388/2832
x base/16388/2658
x base/16388/2693
x base/16388/2667
x base/16388/3350_vm
x base/16388/1255_vm
x base/16388/12973
x base/16388/3712
x base/16388/2602
x base/16388/1417
x base/16388/2619_fsm
x base/16388/2616_vm
x base/16388/12944_fsm
x base/16388/2605
x base/16388/2830_vm
x base/16388/3767
x base/16388/12964_vm
x base/16388/2601_vm
x base/16388/12949_fsm
x base/16388/12939
x base/16388/2600_fsm
x base/16388/2679
x base/16388/3599
x base/16388/1255_fsm
x base/16388/3456_fsm
x base/16388/2684
x base/16388/2670
x base/16388/3597
x base/16388/2683
x base/16388/12963
x base/16388/3395
x base/16388/12964
x base/16388/3256_vm
x base/16388/2601_fsm
x base/16388/3350
x base/16388/2615_fsm
x base/16388/2612
x base/16388/2611_vm
x base/16388/2840
x base/16388/2615
x base/16388/3501
x base/16388/2682
x base/16388/3079_fsm
x base/16388/3596
x base/16388/12954_vm
x base/16388/2603_fsm
x base/16388/2617_fsm
x base/16388/2685
x base/16388/2605_vm
x base/16388/3598
x base/16388/3394_vm
x base/16388/2678
x base/16388/3766
x base/16388/2224
x base/16388/12954
x base/16388/2841
x base/16388/3164
x base/16388/2328_vm
x base/16388/12953
x base/16388/2613
x base/16388/3351
x base/16388/2615_vm
x base/16388/1259
x base/16388/3439_vm
x base/16388/2616_fsm
x base/16388/2602_fsm
x base/16388/12944_vm
x base/16388/3394
x base/16388/2606_fsm
x base/16388/2612_fsm
x base/16388/2757
x base/16388/2604_vm
x base/16388/1247_fsm
x base/16388/1247_vm
x base/16388/2607_fsm
x base/16388/2703
x base/16388/2620_vm
x base/16388/2832_vm
x base/16388/1418_vm
x base/16388/2704
x base/16388/3080
x base/16388/12964_fsm
x base/16388/2600_vm
x base/16388/2995_vm
x base/16388/2605_fsm
x base/16388/6106
x base/16388/2756
x base/16388/3381_vm
x base/16388/3081
x base/16388/2702
x base/16388/2836_vm
x base/16388/2995
x base/16388/2610_fsm
x base/16388/2610_vm
x base/16388/12959_fsm
x base/16388/3608
x base/16388/2336_vm
x base/16388/3541_fsm
x base/16388/3606
x base/16388/3601
x base/16388/2328
x base/16388/3467
x base/16388/1417_vm
x base/16388/2579
x base/16388/3466_vm
x base/16388/6112
x base/16388/3456
x base/16388/3600
x base/16388/3607
x base/16388/3609
x base/16388/3601_vm
x base/16388/3468
x base/16388/3456_vm
x base/16388/6113
x base/16388/3466
x base/16388/549
x base/16388/2600
x base/16388/112
x base/16388/2607
x base/16388/12971
x base/16388/12949
x base/16388/3380
x base/16388/2609
x base/16388/3600_vm
x base/16388/2837
x base/16388/2696
x base/16388/3576
x base/16388/2662
x base/16388/2830
x base/16388/3764_vm
x base/16388/2665
x base/16388/2838_vm
x base/16388/2691
x base/16388/2839
x base/16388/2653
x base/16388/12939_fsm
x base/16388/2654
x base/16388/3381
x base/16388/12948
x base/16388/2608
x base/16388/1259_vm
x base/16388/2606
x base/16388/12946
x base/16388/2601
x base/16388/826_vm
x base/16388/548
x base/16388/6104_vm
x base/16388/113
x base/16388/12941
x base/16388/2655
x base/16388/3541
x base/16388/3394_fsm
x base/16388/2699
x base/16388/3576_vm
x base/16388/2838
x base/16388/2652
x base/16388/2840_fsm
x base/16388/2831
x base/16388/2690
x base/16388/2664
x base/16388/1249_vm
x base/16388/2836
x base/16388/2663
x base/111100/194738
x base/111100/193945
x base/111100/194952
x base/111100/195083
x base/111100/194363
x base/111100/194535
x base/111100/194999
x base/111100/195077
x base/111100/195245
x base/111100/195300_vm
x base/111100/195289
x base/111100/193942
x base/111100/193989
x base/111100/194390
x base/111100/194532
x base/111100/194364
x base/111100/195084
x base/111100/194111_fsm
x base/111100/193980
x base/111100/194399
x base/111100/194709
x base/111100/194963
x base/111100/194139_fsm
x base/111100/195046
x base/111100/194160
x base/111100/194504
x base/111100/193973
x base/111100/194964
x base/111100/194158
x base/111100/193987
x base/111100/194990
x base/111100/194503
x base/111100/194167
x base/111100/195287
x base/111100/195041
x base/111100/195273
x base/111100/127688
x base/111100/194557
x base/111100/194765
x base/111100/205133
x base/111100/194133
x base/111100/195015
x base/111100/194930
x base/111100/193927
x base/111100/194568
x base/111100/194312_fsm
x base/111100/194796
x base/111100/195012
x base/111100/195220
x base/111100/194306
x base/111100/194550
x base/111100/195449
x base/111100/194339
x base/111100/193920
x base/111100/194937
x base/111100/195024
x base/111100/194592
x base/111100/194566
x base/111100/194102
x base/111100/194330
x base/111100/195229
x base/111100/193916
x base/111100/194901
x base/111100/194559
x base/111100/194337
x base/111100/194105
x base/111100/195297_vm
x base/111100/194561
x base/111100/195211
x base/111100/195023
x base/111100/194528_fsm
x base/111100/194159
x base/111100/193972
x base/111100/195272
x base/111100/194192
x base/111100/195424
x base/111100/194730
x base/111100/194354
x base/111100/195286
x base/111100/194166
x base/111100/194708
x base/111100/193981
x base/111100/195078
x base/111100/194996
x base/111100/195844
x base/111100/195281
x base/111100/195423
x base/111100/194195
x base/111100/195288
x base/111100/193943
x base/111100/194533
x base/111100/195085
x base/111100/194365
x base/111100/195071
x base/111100/195243
x base/111100/194391
x base/111100/195415
x base/111100/195049
x base/111100/194739
x base/111100/194953
x base/111100/193944
x base/111100/195412
x base/111100/195244
x base/111100/194396
x base/111100/205150
x base/111100/194150
x base/111100/194534
x base/111100/194594
x base/111100/195446
x base/111100/195022
x base/111100/195210
x base/111100/194938
x base/111100/194104
x base/111100/194336
x base/111100/194752
x base/111100/194560
x base/111100/194799
x base/111100/194477_fsm
x base/111100/194907
x base/111100/194567
x base/111100/194331
x base/111100/194103
x base/111100/195217
x base/111100/194593
x base/111100/195441
x base/111100/193917
x base/111100/194558
x base/111100/194307
x base/111100/194909
x base/111100/194135
x base/111100/194551
x base/111100/194763
x base/111100/195221
x base/111100/195013
x base/111100/195345_fsm
x base/111100/194936
x base/111100/194338
x base/111100/195014
x base/111100/195226
x base/111100/194764
x base/111100/194556
x base/111100/195219
x base/111100/193926
x base/111100/194569
x base/111100/193854
x base/111100/194843
x base/111100/194513_fsm
x base/111100/195159
x base/111100/195192
x base/111100/194424
x base/111100/195166
x base/111100/194888
x base/111100/195354
x base/111100/194078
x base/111100/195398
x base/111100/193898
x base/111100/195353
x base/111100/194611
x base/111100/193917_fsm
x base/111100/194275
x base/111100/194047
x base/111100/194886
x base/111100/193891
x base/111100/194288
x base/111100/194872
x base/111100/193865
x base/111100/196184
x base/111100/195157
x base/111100/194085
x base/111100/194243
x base/111100/194627
x base/111100/193862
x base/111100/194049
x base/111100/194875
x base/111100/194315_fsm
x base/111100/194620
x base/111100/195396
x base/111100/194244
x base/111100/195150
x base/111100/194082
x base/111100/195362
x base/111100/194446
x base/111100/194210
x base/111100/195336
x base/111100/194680
x base/111100/194821
x base/111100/195309
x base/111100/193862_fsm
x base/111100/194687
x base/111100/195103
x base/111100/195331
x base/111100/194025
x base/111100/194441
x base/111100/194664_fsm
x base/111100/194826
x base/111100/195135
x base/111100/195307
x base/111100/194477
x base/111100/194013
x base/111100/194448
x base/111100/195354_fsm
x base/111100/194828
x base/111100/194014
x base/111100/194642
x base/111100/195300
x base/111100/195132
x base/111100/194817
x base/111100/194689
x base/111100/194880
x base/111100/194048
x base/111100/195363
x base/111100/195151
x base/111100/194083
x base/111100/194621
x base/111100/195397
x base/111100/194245
x base/111100/194619
x base/111100/195430_fsm
x base/111100/193890
x base/111100/194289
x base/111100/195169
x base/111100/194070
x base/111100/194242
x base/111100/194626
x base/111100/194414
x base/111100/195156
x base/111100/194084
x base/111100/195364
x base/111100/195399
x base/111100/194896_fsm
x base/111100/193852
x base/111100/194422
x base/111100/194046
x base/111100/195194
x base/111100/194274
x base/111100/193899
x base/111100/195352
x base/111100/195158
x base/111100/193855
x base/111100/194287
x base/111100/194889
x base/111100/194273
x base/111100/194041
x base/111100/195193
x base/111100/194425
x base/111100/194617
x base/111100/194485
x base/111100/195133
x base/111100/194015
x base/111100/194227
x base/111100/194643
x base/111100/194471
x base/111100/194688
x base/111100/194816
x base/111100/193875_fsm
x base/111100/194476
x base/111100/194644
x base/111100/194220
x base/111100/195306
x base/111100/195134
x base/111100/194482
x base/111100/194811
x base/111100/194449
x base/111100/194024
x base/111100/194818
x base/111100/194440
x base/111100/194672
x base/111100/195330
x base/111100/194075_fsm
x base/111100/194827
x base/111100/194229
x base/111100/195105
x base/111100/195337
x base/111100/194675
x base/111100/195308
x base/111100/194491
x base/111100/195127
x base/111100/194001
x base/111100/194657
x base/111100/194650
x base/111100/194947_fsm
x base/111100/195312
x base/111100/194496
x base/111100/194833
x base/111100/194030
x base/111100/194202
x base/111100/194692
x base/111100/PG_VERSION
x base/111100/195116
x base/111100/195324
x base/111100/194498
x base/111100/194008
x base/111100/195323
x base/111100/194205
x base/111100/193845_vm
x base/111100/194037
x base/111100/194097
x base/111100/195377
x base/111100/194063
x base/111100/193848
x base/111100/194251
x base/111100/195348
x base/111100/194894
x base/111100/194254_vm
x base/111100/194438
x base/111100/195384
x base/111100/194256
x base/111100/194858
x base/111100/194400
x base/111100/194632
x base/111100/196191
x base/111100/194090
x base/111100/194867
x base/111100/195189
x base/111100/193870
x base/111100/194436
x base/111100/194604
x base/111100/194260
x base/111100/194052
x base/111100/195174
x base/111100/193973_fsm
x base/111100/194851
x base/111100/194409
x base/111100/196198
x base/111100/194099
x base/111100/195379
x base/111100/195173
x base/111100/194293
x base/111100/194055
x base/111100/194267
x base/111100/194603
x base/111100/194258
x base/111100/194009
x base/111100/194561_fsm
x base/111100/194452
x base/111100/194036
x base/111100/195110
x base/111100/195322
x base/111100/194694
x base/111100/194658
x base/111100/194832
x base/111100/194693
x base/111100/195325
x base/111100/194031
x base/111100/194455
x base/111100/194667
x base/111100/194038
x base/111100/194091_vm
x base/111100/195313
x base/111100/195121
x base/111100/194497
x base/111100/194651
x base/111100/194235
x base/111100/194007
x base/111100/194669
x base/111100/195119
x base/111100/194130.1
x base/111100/194000
x base/111100/194232
x base/111100/194464
x base/111100/194490
x base/111100/195126
x base/111100/194266
x base/111100/194054
x base/111100/195186
x base/111100/196367
x base/111100/194430
x base/111100/194602
x base/111100/195340
x base/111100/195172
x base/111100/194857
x base/111100/194259
x base/111100/195175
x base/111100/194295
x base/111100/194605
x base/111100/194437
x base/111100/195181
x base/111100/193878
x base/111100/pg_filenode.map
x base/111100/195378
x base/111100/194098
x base/111100/193847
x base/111100/195143
x base/111100/194091
x base/111100/195371
x base/111100/195385
x base/111100/194257
x base/111100/194633
x base/111100/194401
x base/111100/193885
x base/111100/194892
x base/111100/194268
x base/111100/194866
x base/111100/194406
x base/111100/193849
x base/111100/195382
x base/111100/194250
x base/111100/194062
x base/111100/195376
x base/111100/195144
x base/111100/194096
x base/111100/194861
x base/111100/194439
x base/111100/194895
x base/111100/193882
x base/111100/195009
x base/111100/194913
x base/111100/193904
x base/111100/194564_fsm
x base/111100/194580
x base/111100/195452
x base/111100/195204
x base/111100/195036
x base/111100/194322
x base/111100/194110
x base/111100/194574
x base/111100/194746
x base/111100/193903
x base/111100/194914
x base/111100/194117
x base/111100/194325
x base/111100/195031
x base/111100/195203
x base/111100/194748
x base/111100/193935
x base/111100/194922
x base/111100/195038
x base/111100/194545
x base/111100/195235
x base/111100/194589
x base/111100/194119
x base/111100/193932
x base/111100/195232
x base/111100/195000
x base/111100/196215
x base/111100/194542
x base/111100/194770
x base/111100/194126
x base/111100/194186
x base/111100/195054
x base/111100/195430
x base/111100/194724
x base/111100/194516
x base/111100/194172
x base/111100/194340
x base/111100/195292
x base/111100/111596
x base/111100/195259
x base/111100/193992
x base/111100/194985
x base/111100/193966
x base/111100/194971
x base/111100/195295
x base/111100/194511
x base/111100/194723
x base/111100/195261
x base/111100/194181
x base/111100/195053
x base/111100/195098
x base/111100/194378
x base/111100/194982
x base/111100/194371
x base/111100/193968
x base/111100/196614
x base/111100/194143
x base/111100/195257
x base/111100/194385
x base/111100/195065
x base/111100/195401
x base/111100/193957
x base/111100/194518
x base/111100/194188
x base/111100/195268
x base/111100/195406
x base/111100/195250
x base/111100/194382
x base/111100/195096
x base/111100/194144
x base/111100/194978
x base/111100/195439
x base/111100/194349
x base/111100/194947
x base/111100/193933
x base/111100/194118
x base/111100/194315
x base/111100/195001
x base/111100/195233
x base/111100/194923
x base/111100/193934
x base/111100/195234
x base/111100/195006
x base/111100/194312
x base/111100/194120
x base/111100/194544
x base/111100/194129
x base/111100/193902
x base/111100/195202
x base/111100/195030
x base/111100/194586
x base/111100/195454
x base/111100/194324
x base/111100/194116
x base/111100/194778
x base/111100/194912
x base/111100/195008
x base/111100/194361_fsm
x base/111100/194111
x base/111100/194323
x base/111100/194747
x base/111100/194575
x base/111100/194581
x base/111100/195453
x base/111100/195037
x base/111100/194377
x base/111100/194979
x base/111100/195097
x base/111100/194145
x base/111100/205145
x base/111100/194713
x base/111100/195251
x base/111100/194383
x base/111100/195063
x base/111100/194946
x base/111100/193951
x base/111100/194348
x base/111100/194315_vm
x base/111100/195064
x base/111100/194384
x base/111100/195400
x base/111100/194714
x base/111100/195297_fsm
x base/111100/195090
x base/111100/194142
x base/111100/194370
x base/111100/193969
x base/111100/195269
x base/111100/193956
x base/111100/194941
x base/111100/194519
x base/111100/195436
x base/111100/194180
x base/111100/195052
x base/111100/195260
x base/111100/194346
x base/111100/195294
x base/111100/194510
x base/111100/194770_fsm
x base/111100/195430_vm
x base/111100/194379
x base/111100/193960
x base/111100/194977
x base/111100/195099
x base/111100/194517
x base/111100/194725
x base/111100/194341
x base/111100/195293
x base/111100/194173
x base/111100/195267
x base/111100/194187
x base/111100/195055
x base/111100/194970
x base/111100/193967
x base/111100/194528
x base/111100/194984
x base/111100/195258
x base/111100/193993
x base/111100/195223
x base/111100/195011
x base/111100/194305
x base/111100/194137
x base/111100/194761
x base/111100/194594_fsm
x base/111100/194108
x base/111100/193923
x base/111100/194554
x base/111100/194130
x base/111100/205130
x base/111100/194302
x base/111100/195224
x base/111100/196195_fsm
x base/111100/193924
x base/111100/194933
x base/111100/196181_fsm
x base/111100/195029
x base/111100/194106
x base/111100/194334
x base/111100/195444
x base/111100/195020
x base/111100/195212
x base/111100/193912
x base/111100/194139
x base/111100/195027
x base/111100/195443
x base/111100/194591
x base/111100/194101
x base/111100/195018
x base/111100/194902
x base/111100/193915
x base/111100/194768
x base/111100/194358
x base/111100/193941
x base/111100/194956
x base/111100/195073
x base/111100/195241
x base/111100/195417
x base/111100/194703
x base/111100/194531
x base/111100/194969
x base/111100/194155
x base/111100/194367
x base/111100/194509
x base/111100/194951
x base/111100/193946
x base/111100/193979
x base/111100/194152
x base/111100/194704
x base/111100/195074
x base/111100/194967
x base/111100/195089
x base/111100/193970
x base/111100/194369
x base/111100/195419
x base/111100/194993
x base/111100/193984
x base/111100/194732
x base/111100/195284
x base/111100/194356
x base/111100/194958
x base/111100/194164
x base/111100/195270
x base/111100/193983
x base/111100/195248
x base/111100/194994
x base/111100/194538
x base/111100/194960
x base/111100/195045
x base/111100/194197
x base/111100/195277
x base/111100/194163
x base/111100/195283
x base/111100/194351
x base/111100/194735
x base/111100/194507
x base/111100/194232_fsm
x base/111100/194554_fsm
x base/111100/194564
x base/111100/194100
x base/111100/195214
x base/111100/195442
x base/111100/193914
x base/111100/194903
x base/111100/194769
x base/111100/195445
x base/111100/194597
x base/111100/195213
x base/111100/195021
x base/111100/194107
x base/111100/194751
x base/111100/194904
x base/111100/194138
x base/111100/195225
x base/111100/195028
x base/111100/193925
x base/111100/194758
x base/111100/194136